[01m[K/home/job/gnc/drone-swarm/catkin_ws/src/formation_control/src/frame.cpp:[m[K In function â€˜[01m[Kbool add(formation_control::Formation::Request&, formation_control::Formation::Response&)[m[Kâ€™:
[01m[K/home/job/gnc/drone-swarm/catkin_ws/src/formation_control/src/frame.cpp:739:38:[m[K [01;31m[Kerror: [m[Kâ€˜[01m[Kclass Frame[m[Kâ€™ has no member named â€˜[01m[Krandom_positions[m[Kâ€™
    start_pose_data[iterator] = frame.random_positions[i].x;//x
[01;32m[K                                      ^[m[K
[01m[K/home/job/gnc/drone-swarm/catkin_ws/src/formation_control/src/frame.cpp:741:38:[m[K [01;31m[Kerror: [m[Kâ€˜[01m[Kclass Frame[m[Kâ€™ has no member named â€˜[01m[Krandom_positions[m[Kâ€™
    start_pose_data[iterator] = frame.random_positions[i].y;//x
[01;32m[K                                      ^[m[K
[01m[K/home/job/gnc/drone-swarm/catkin_ws/src/formation_control/src/frame.cpp:[m[K In function â€˜[01m[Kbool add(formation_control::Formation::Request&, formation_control::Formation::Response&)[m[Kâ€™:
[01m[K/home/job/gnc/drone-swarm/catkin_ws/src/formation_control/src/frame.cpp:739:38:[m[K [01;31m[Kerror: [m[Kâ€˜[01m[Kclass Frame[m[Kâ€™ has no member named â€˜[01m[Krandom_positions[m[Kâ€™
    start_pose_data[iterator] = frame.random_positions[i].x;//x
[01;32m[K                                      ^[m[K
[01m[K/home/job/gnc/drone-swarm/catkin_ws/src/formation_control/src/frame.cpp:741:38:[m[K [01;31m[Kerror: [m[Kâ€˜[01m[Kclass Frame[m[Kâ€™ has no member named â€˜[01m[Krandom_positions[m[Kâ€™
    start_pose_data[iterator] = frame.random_positions[i].y;//x
[01;32m[K                                      ^[m[K
make[2]: *** [CMakeFiles/formation_control.dir/src/frame.cpp.o] Error 1
make[1]: *** [CMakeFiles/formation_control.dir/all] Error 2
make[1]: *** Waiting for unfinished jobs....
make[2]: *** [CMakeFiles/execute.dir/src/frame.cpp.o] Error 1
make[1]: *** [CMakeFiles/execute.dir/all] Error 2
make: *** [all] Error 2
