[01m[K/home/job/gnc/drone-swarm/catkin_ws/src/supervisor/src/Model/supervisor.cpp:[m[K In function â€˜[01m[Kbool add(formation_control::Formation::Request&, formation_control::Formation::Response&)[m[Kâ€™:
[01m[K/home/job/gnc/drone-swarm/catkin_ws/src/supervisor/src/Model/supervisor.cpp:143:2:[m[K [01;31m[Kerror: [m[Kâ€˜[01m[KFrame[m[Kâ€™ was not declared in this scope
  Frame frame(amount_of_drones, distance, shape, v_shape_angle);
[01;32m[K  ^[m[K
[01m[K/home/job/gnc/drone-swarm/catkin_ws/src/supervisor/src/Model/supervisor.cpp:146:26:[m[K [01;31m[Kerror: [m[Ktype/value mismatch at argument 1 in template parameter list for â€˜[01m[Ktemplate<class _Tp, class _Alloc> class std::vector[m[Kâ€™
  std::vector<Frame::point> random_positions = frame.randomizeStartPositions(req.random_range);
[01;32m[K                          ^[m[K
[01m[K/home/job/gnc/drone-swarm/catkin_ws/src/supervisor/src/Model/supervisor.cpp:146:26:[m[K [01;36m[Knote: [m[K  expected a type, got â€˜[01m[KFrame[m[Kâ€™
[01m[K/home/job/gnc/drone-swarm/catkin_ws/src/supervisor/src/Model/supervisor.cpp:146:26:[m[K [01;31m[Kerror: [m[Ktemplate argument 2 is invalid
[01m[K/home/job/gnc/drone-swarm/catkin_ws/src/supervisor/src/Model/supervisor.cpp:146:47:[m[K [01;31m[Kerror: [m[Kâ€˜[01m[Kframe[m[Kâ€™ was not declared in this scope
  std::vector<Frame::point> random_positions = frame.randomizeStartPositions(req.random_range);
[01;32m[K                                               ^[m[K
[01m[K/home/job/gnc/drone-swarm/catkin_ws/src/supervisor/src/Model/supervisor.cpp:158:50:[m[K [01;31m[Kerror: [m[Kinvalid types â€˜[01m[Kint[int][m[Kâ€™ for array subscript
    start_pose_data[iterator] = random_positions[i].x;//x
[01;32m[K                                                  ^[m[K
[01m[K/home/job/gnc/drone-swarm/catkin_ws/src/supervisor/src/Model/supervisor.cpp:160:50:[m[K [01;31m[Kerror: [m[Kinvalid types â€˜[01m[Kint[int][m[Kâ€™ for array subscript
    start_pose_data[iterator] = random_positions[i].y;//x
[01;32m[K                                                  ^[m[K
[01m[K/home/job/gnc/drone-swarm/catkin_ws/src/supervisor/src/Model/supervisor.cpp:167:5:[m[K [01;31m[Kerror: [m[Kâ€˜[01m[KDEBUG[m[Kâ€™ was not declared in this scope
  if(DEBUG)
[01;32m[K     ^[m[K
make[2]: *** [CMakeFiles/supervisor_main.dir/src/Model/supervisor.cpp.o] Error 1
make[1]: *** [CMakeFiles/supervisor_main.dir/all] Error 2
make: *** [all] Error 2
