[01m[K/home/job/gnc/drone-swarm/catkin_ws/src/supervisor/src/Model/supervisor.cpp:[m[K In member function â€˜[01m[Kvoid Supervisor::publishToPyCopter()[m[Kâ€™:
[01m[K/home/job/gnc/drone-swarm/catkin_ws/src/supervisor/src/Model/supervisor.cpp:44:43:[m[K [01;31m[Kerror: [m[Kâ€˜[01m[KString[m[Kâ€™ is not a member of â€˜[01m[Kstd_msgs[m[Kâ€™
  ros::Publisher chatter_pub = n.advertise<std_msgs::String>("supervisor/pycopter", 1000);
[01;32m[K                                           ^[m[K
[01m[K/home/job/gnc/drone-swarm/catkin_ws/src/supervisor/src/Model/supervisor.cpp:44:43:[m[K [01;31m[Kerror: [m[Kâ€˜[01m[KString[m[Kâ€™ is not a member of â€˜[01m[Kstd_msgs[m[Kâ€™
[01m[K/home/job/gnc/drone-swarm/catkin_ws/src/supervisor/src/Model/supervisor.cpp:44:88:[m[K [01;31m[Kerror: [m[Kno matching function for call to â€˜[01m[Kros::NodeHandle::advertise(const char [20], int)[m[Kâ€™
  ros::Publisher chatter_pub = n.advertise<std_msgs::String>("supervisor/pycopter", 1000);
[01;32m[K                                                                                        ^[m[K
In file included from [01m[K/opt/ros/kinetic/include/ros/ros.h:45:0[m[K,
                 from [01m[K/home/job/gnc/drone-swarm/catkin_ws/src/supervisor/include/supervisor/Model/supervisor.hpp:1[m[K,
                 from [01m[K/home/job/gnc/drone-swarm/catkin_ws/src/supervisor/src/Model/supervisor.cpp:1[m[K:
[01m[K/opt/ros/kinetic/include/ros/node_handle.h:249:15:[m[K [01;36m[Knote: [m[Kcandidate: template<class M> ros::Publisher ros::NodeHandle::advertise(const string&, uint32_t, bool)
     Publisher advertise(const std::string& topic, uint32_t queue_size, bool latch = false)
[01;32m[K               ^[m[K
[01m[K/opt/ros/kinetic/include/ros/node_handle.h:249:15:[m[K [01;36m[Knote: [m[K  template argument deduction/substitution failed:
[01m[K/home/job/gnc/drone-swarm/catkin_ws/src/supervisor/src/Model/supervisor.cpp:44:88:[m[K [01;31m[Kerror: [m[Ktemplate argument 1 is invalid
  ros::Publisher chatter_pub = n.advertise<std_msgs::String>("supervisor/pycopter", 1000);
[01;32m[K                                                                                        ^[m[K
In file included from [01m[K/opt/ros/kinetic/include/ros/ros.h:45:0[m[K,
                 from [01m[K/home/job/gnc/drone-swarm/catkin_ws/src/supervisor/include/supervisor/Model/supervisor.hpp:1[m[K,
                 from [01m[K/home/job/gnc/drone-swarm/catkin_ws/src/supervisor/src/Model/supervisor.cpp:1[m[K:
[01m[K/opt/ros/kinetic/include/ros/node_handle.h:315:13:[m[K [01;36m[Knote: [m[Kcandidate: template<class M> ros::Publisher ros::NodeHandle::advertise(const string&, uint32_t, const SubscriberStatusCallback&, const SubscriberStatusCallback&, const VoidConstPtr&, bool)
   Publisher advertise(const std::string& topic, uint32_t queue_size,
[01;32m[K             ^[m[K
[01m[K/opt/ros/kinetic/include/ros/node_handle.h:315:13:[m[K [01;36m[Knote: [m[K  template argument deduction/substitution failed:
[01m[K/home/job/gnc/drone-swarm/catkin_ws/src/supervisor/src/Model/supervisor.cpp:44:88:[m[K [01;31m[Kerror: [m[Ktemplate argument 1 is invalid
  ros::Publisher chatter_pub = n.advertise<std_msgs::String>("supervisor/pycopter", 1000);
[01;32m[K                                                                                        ^[m[K
make[2]: *** [CMakeFiles/supervisor_main.dir/src/Model/supervisor.cpp.o] Error 1
make[1]: *** [CMakeFiles/supervisor_main.dir/all] Error 2
make: *** [all] Error 2
