In file included from [01m[K/home/job/gnc/drone-swarm/catkin_ws/src/supervisor/src/Model/supervisor.cpp:1:0[m[K:
[01m[K/home/job/gnc/drone-swarm/catkin_ws/src/supervisor/include/supervisor/Model/supervisor.hpp:2:47:[m[K [01;31m[Kfatal error: [m[Kformation_control/include/frame.hpp: No such file or directory
compilation terminated.
make[2]: *** [CMakeFiles/supervisor.dir/src/Model/supervisor.cpp.o] Error 1
make[1]: *** [CMakeFiles/supervisor.dir/all] Error 2
make: *** [all] Error 2
