[01m[K/home/job/gnc/drone-swarm/catkin_ws/src/supervisor/src/Model/supervisor.cpp:[m[K In member function â€˜[01m[Kvoid Supervisor::publishToPyCopter()[m[Kâ€™:
[01m[K/home/job/gnc/drone-swarm/catkin_ws/src/supervisor/src/Model/supervisor.cpp:48:13:[m[K [01;31m[Kerror: [m[Kâ€˜[01m[Kamount_of_drones[m[Kâ€™ was not declared in this scope
  float data[amount_of_drones*2];
[01;32m[K             ^[m[K
[01m[K/home/job/gnc/drone-swarm/catkin_ws/src/supervisor/src/Model/supervisor.cpp:52:3:[m[K [01;31m[Kerror: [m[Kâ€˜[01m[Kdata[m[Kâ€™ was not declared in this scope
   data[iterator] = random_positions[i].x;//x
[01;32m[K   ^[m[K
[01m[K/home/job/gnc/drone-swarm/catkin_ws/src/supervisor/src/Model/supervisor.cpp:52:20:[m[K [01;31m[Kerror: [m[Kâ€˜[01m[Krandom_positions[m[Kâ€™ was not declared in this scope
   data[iterator] = random_positions[i].x;//x
[01;32m[K                    ^[m[K
make[2]: *** [CMakeFiles/supervisor_main.dir/src/Model/supervisor.cpp.o] Error 1
make[1]: *** [CMakeFiles/supervisor_main.dir/all] Error 2
make: *** [all] Error 2
