[01m[K/home/job/gnc/drone-swarm/catkin_ws/src/supervisor/src/Model/supervisor.cpp:[m[K In member function â€˜[01m[Kvoid Supervisor::getFormation(int, float, float, char)[m[Kâ€™:
[01m[K/home/job/gnc/drone-swarm/catkin_ws/src/supervisor/src/Model/supervisor.cpp:68:4:[m[K [01;31m[Kerror: [m[Kâ€˜[01m[Kstart_pose_data[m[Kâ€™ was not declared in this scope
    start_pose_data[i][0] = srv.response.start_pose[iterator];
[01;32m[K    ^[m[K
[01m[K/home/job/gnc/drone-swarm/catkin_ws/src/supervisor/src/Model/supervisor.cpp:87:61:[m[K [01;31m[Kerror: [m[Kinvalid types â€˜[01m[Kfloat[int][m[Kâ€™ for array subscript
     std::cout << "Drone " << i << "  x: " << start_pose[i][0] << ", y: " << start_pose[i][1] << std::endl;
[01;32m[K                                                             ^[m[K
[01m[K/home/job/gnc/drone-swarm/catkin_ws/src/supervisor/src/Model/supervisor.cpp:87:92:[m[K [01;31m[Kerror: [m[Kinvalid types â€˜[01m[Kfloat[int][m[Kâ€™ for array subscript
     std::cout << "Drone " << i << "  x: " << start_pose[i][0] << ", y: " << start_pose[i][1] << std::endl;
[01;32m[K                                                                                            ^[m[K
make[2]: *** [CMakeFiles/supervisor_main.dir/src/Model/supervisor.cpp.o] Error 1
make[1]: *** [CMakeFiles/supervisor_main.dir/all] Error 2
make: *** [all] Error 2
